<?xml version="1.0" encoding="UTF-8"?>
<!-- Generated by org.testng.reporters.JUnitReportReporter -->
<testsuite hostname="DESKTOP-O9LHQTM" failures="0" tests="1" name="javapackage.FBAssert" time="0.017" errors="0" timestamp="2022-04-14T18:04:44 IST" skipped="0">
  <testcase classname="javapackage.FBAssert" name="checkAssert" time="0.017"/>
  <system-out/>
</testsuite> <!-- javapackage.FBAssert -->
