<?xml version="1.0" encoding="UTF-8"?>
<!-- Generated by org.testng.reporters.JUnitReportReporter -->
<testsuite hostname="DESKTOP-O9LHQTM" failures="0" tests="3" name="javapackage.PracticeDataProvider" time="77.369" errors="0" timestamp="2022-04-14T20:00:13 IST" skipped="0">
  <testcase classname="javapackage.PracticeDataProvider" name="enterData" time="32.486"/>
  <system-out/>
  <testcase classname="javapackage.PracticeDataProvider" name="enterData" time="19.762"/>
  <system-out/>
  <testcase classname="javapackage.PracticeDataProvider" name="enterData" time="25.121"/>
  <system-out/>
</testsuite> <!-- javapackage.PracticeDataProvider -->
