<?xml version="1.0" encoding="UTF-8"?>
<!-- Generated by org.testng.reporters.JUnitReportReporter -->
<testsuite hostname="DESKTOP-O9LHQTM" failures="0" tests="1" name="javapackage.Assertion3" time="0.012" errors="0" timestamp="2022-04-14T18:04:44 IST" skipped="0">
  <testcase classname="javapackage.Assertion3" name="testCase1" time="0.012"/>
  <system-out/>
</testsuite> <!-- javapackage.Assertion3 -->
