<?xml version="1.0" encoding="UTF-8"?>
<!-- Generated by org.testng.reporters.JUnitReportReporter -->
<testsuite hostname="DESKTOP-O9LHQTM" failures="0" tests="1" name="javapackage.TestNG1" time="0.005" errors="0" timestamp="2022-05-05T15:02:35 IST" skipped="0">
  <testcase classname="javapackage.TestNG1" name="a2" time="0.005"/>
  <system-out/>
</testsuite> <!-- javapackage.TestNG1 -->
