<?xml version="1.0" encoding="UTF-8"?>
<!-- Generated by org.testng.reporters.JUnitReportReporter -->
<testsuite hostname="DESKTOP-O9LHQTM" failures="0" tests="1" name="com.facebook.tests.SingnUpTest" time="11.305" errors="0" timestamp="2022-04-27T21:25:58 IST" skipped="0">
  <testcase classname="com.facebook.tests.SingnUpTest" name="SignUpTest" time="11.305"/>
  <system-out/>
</testsuite> <!-- com.facebook.tests.SingnUpTest -->
