<?xml version="1.0" encoding="UTF-8"?>
<!-- Generated by org.testng.reporters.JUnitReportReporter -->
<testsuite hostname="DESKTOP-O9LHQTM" failures="0" tests="1" name="javapackage.TestNG_parallel_execution_2" time="11.326" errors="0" timestamp="2022-05-05T15:21:24 IST" skipped="0">
  <testcase classname="javapackage.TestNG_parallel_execution_2" name="a" time="11.326"/>
  <system-out/>
</testsuite> <!-- javapackage.TestNG_parallel_execution_2 -->
