<?xml version="1.0" encoding="UTF-8"?>
<!-- Generated by org.testng.reporters.JUnitReportReporter -->
<testsuite hostname="DESKTOP-O9LHQTM" failures="0" tests="2" name="javapackage.Testng4" time="0.003" errors="0" timestamp="2022-05-05T15:02:35 IST" skipped="0">
  <testcase classname="javapackage.Testng4" name="z" time="0.002"/>
  <system-out/>
  <testcase classname="javapackage.Testng4" name="a" time="0.001"/>
  <system-out/>
</testsuite> <!-- javapackage.Testng4 -->
