<?xml version="1.0" encoding="UTF-8"?>
<!-- Generated by org.testng.reporters.JUnitReportReporter -->
<testsuite hostname="DESKTOP-O9LHQTM" failures="0" tests="2" name="javapackage.Practice13" time="0.022" errors="0" timestamp="2022-04-14T18:04:44 IST" skipped="0">
  <testcase classname="javapackage.Practice13" name="ab" time="0.007"/>
  <system-out/>
  <testcase classname="javapackage.Practice13" name="a1" time="0.015"/>
  <system-out/>
</testsuite> <!-- javapackage.Practice13 -->
