<?xml version="1.0" encoding="UTF-8"?>
<!-- Generated by org.testng.reporters.JUnitReportReporter -->
<testsuite hostname="DESKTOP-O9LHQTM" failures="0" tests="2" name="javapackage.Assertion2" time="0.011" errors="0" timestamp="2022-04-14T18:04:44 IST" skipped="0">
  <testcase classname="javapackage.Assertion2" name="testCase1" time="0.006"/>
  <system-out/>
  <testcase classname="javapackage.Assertion2" name="testCase2" time="0.005"/>
  <system-out/>
</testsuite> <!-- javapackage.Assertion2 -->
