<?xml version="1.0" encoding="UTF-8"?>
<!-- Generated by org.testng.reporters.JUnitReportReporter -->
<testsuite hostname="DESKTOP-O9LHQTM" failures="0" tests="7" name="javapackage.TestNG2" time="0.018" errors="0" timestamp="2022-05-05T15:02:35 IST" skipped="3">
  <testcase classname="javapackage.TestNG2" name="a3" time="0.007"/>
  <system-out/>
  <testcase classname="javapackage.TestNG2" name="z" time="0.003"/>
  <system-out/>
  <testcase classname="javapackage.TestNG2" name="ab" time="0.003"/>
  <system-out/>
  <testcase classname="javapackage.TestNG2" name="b2" time="0.003">
    <skipped/>
  </testcase> <!-- b2 -->
  <system-out/>
  <testcase classname="javapackage.TestNG2" name="a" time="0.002"/>
  <system-out/>
  <testcase classname="javapackage.TestNG2" name="a2">
    <skipped/>
  </testcase> <!-- a2 -->
  <system-out/>
  <testcase classname="javapackage.TestNG2" name="a1">
    <skipped/>
  </testcase> <!-- a1 -->
  <system-out/>
</testsuite> <!-- javapackage.TestNG2 -->
